<?xml version="1.0" encoding="UTF-8"?>
<!-- Generated by org.testng.reporters.JUnitXMLReporter -->
<testsuite hostname="Damandeeps-MacBook-Pro.local" ignored="0" name="APITest" tests="12" failures="0" timestamp="23 Jun 2021 18:01:03 GMT" time="10.571" errors="0">
  <testcase name="checkContentType" time="0.002" classname="com.api.testCases.TC001_Quotes"/>
  <testcase name="checkResposeBody" time="0.241" classname="com.api.testCases.TC001_Quotes"/>
  <testcase name="checkStatusCode" time="0.0" classname="com.api.testCases.TC001_Quotes"/>
  <testcase name="checkstatusLine" time="0.0" classname="com.api.testCases.TC001_Quotes"/>
  <testcase name="checkResponseforQuotesbyCharacter" time="1.255" classname="com.api.testCases.TC002_randomQuotes"/>
  <testcase name="checkResponseforQuotesbyTitle" time="1.217" classname="com.api.testCases.TC002_randomQuotes"/>
  <testcase name="checkResposeBodyForRandomQuotesE2E" time="1.177" classname="com.api.testCases.TC002_randomQuotes"/>
  <testcase name="checkContentType" time="0.0" classname="com.api.testCases.TC003_getAllAnime"/>
  <testcase name="checkResponseTime" time="0.0" classname="com.api.testCases.TC003_getAllAnime"/>
  <testcase name="checkResposeBody" time="0.02" classname="com.api.testCases.TC003_getAllAnime"/>
  <testcase name="checkStatusCode" time="0.0" classname="com.api.testCases.TC003_getAllAnime"/>
  <testcase name="checkstatusLine" time="0.001" classname="com.api.testCases.TC003_getAllAnime"/>
</testsuite> <!-- APITest -->
