<?xml version="1.0" encoding="UTF-8"?>
<testng-results skipped="0" failed="0" ignored="0" total="12" passed="12">
  <reporter-output>
  </reporter-output>
  <suite name="RestAPISuite" duration-ms="10571" started-at="2021-06-23T18:00:52Z" finished-at="2021-06-23T18:01:03Z">
    <groups>
    </groups>
    <test name="APITest" duration-ms="10571" started-at="2021-06-23T18:00:52Z" finished-at="2021-06-23T18:01:03Z">
      <class name="com.api.testCases.TC001_Quotes">
        <test-method status="PASS" signature="setup()[pri:0, instance:com.api.testCases.TC001_Quotes@7a79be86]" name="setup" is-config="true" duration-ms="27" started-at="2021-06-23T18:00:52Z" finished-at="2021-06-23T18:00:52Z">
          <reporter-output>
          </reporter-output>
        </test-method> <!-- setup -->
        <test-method status="PASS" signature="quotesSetup()[pri:0, instance:com.api.testCases.TC001_Quotes@7a79be86]" name="quotesSetup" is-config="true" duration-ms="5384" started-at="2021-06-23T18:00:52Z" finished-at="2021-06-23T18:00:58Z">
          <reporter-output>
          </reporter-output>
        </test-method> <!-- quotesSetup -->
        <test-method status="PASS" signature="checkContentType()[pri:0, instance:com.api.testCases.TC001_Quotes@7a79be86]" name="checkContentType" duration-ms="2" started-at="2021-06-23T18:00:58Z" finished-at="2021-06-23T18:00:58Z">
          <reporter-output>
          </reporter-output>
        </test-method> <!-- checkContentType -->
        <test-method status="PASS" signature="checkResposeBody()[pri:0, instance:com.api.testCases.TC001_Quotes@7a79be86]" name="checkResposeBody" duration-ms="241" started-at="2021-06-23T18:00:58Z" finished-at="2021-06-23T18:00:58Z">
          <reporter-output>
          </reporter-output>
        </test-method> <!-- checkResposeBody -->
        <test-method status="PASS" signature="checkStatusCode()[pri:0, instance:com.api.testCases.TC001_Quotes@7a79be86]" name="checkStatusCode" duration-ms="0" started-at="2021-06-23T18:00:58Z" finished-at="2021-06-23T18:00:58Z">
          <reporter-output>
          </reporter-output>
        </test-method> <!-- checkStatusCode -->
        <test-method status="PASS" signature="checkstatusLine()[pri:0, instance:com.api.testCases.TC001_Quotes@7a79be86]" name="checkstatusLine" duration-ms="0" started-at="2021-06-23T18:00:58Z" finished-at="2021-06-23T18:00:58Z">
          <reporter-output>
          </reporter-output>
        </test-method> <!-- checkstatusLine -->
        <test-method status="PASS" signature="tearDown()[pri:0, instance:com.api.testCases.TC001_Quotes@7a79be86]" name="tearDown" is-config="true" duration-ms="1" started-at="2021-06-23T18:00:58Z" finished-at="2021-06-23T18:00:58Z">
          <reporter-output>
          </reporter-output>
        </test-method> <!-- tearDown -->
      </class> <!-- com.api.testCases.TC001_Quotes -->
      <class name="com.api.testCases.TC003_getAllAnime">
        <test-method status="PASS" signature="getAllAnimeSetup()[pri:0, instance:com.api.testCases.TC003_getAllAnime@b684286]" name="getAllAnimeSetup" is-config="true" duration-ms="1062" started-at="2021-06-23T18:01:01Z" finished-at="2021-06-23T18:01:03Z">
          <reporter-output>
          </reporter-output>
        </test-method> <!-- getAllAnimeSetup -->
        <test-method status="PASS" signature="setup()[pri:0, instance:com.api.testCases.TC003_getAllAnime@b684286]" name="setup" is-config="true" duration-ms="0" started-at="2021-06-23T18:01:01Z" finished-at="2021-06-23T18:01:01Z">
          <reporter-output>
          </reporter-output>
        </test-method> <!-- setup -->
        <test-method status="PASS" signature="checkContentType()[pri:0, instance:com.api.testCases.TC003_getAllAnime@b684286]" name="checkContentType" duration-ms="0" started-at="2021-06-23T18:01:03Z" finished-at="2021-06-23T18:01:03Z">
          <reporter-output>
          </reporter-output>
        </test-method> <!-- checkContentType -->
        <test-method status="PASS" signature="checkResponseTime()[pri:0, instance:com.api.testCases.TC003_getAllAnime@b684286]" name="checkResponseTime" duration-ms="0" started-at="2021-06-23T18:01:03Z" finished-at="2021-06-23T18:01:03Z">
          <reporter-output>
          </reporter-output>
        </test-method> <!-- checkResponseTime -->
        <test-method status="PASS" signature="checkResposeBody()[pri:0, instance:com.api.testCases.TC003_getAllAnime@b684286]" name="checkResposeBody" duration-ms="20" started-at="2021-06-23T18:01:03Z" finished-at="2021-06-23T18:01:03Z">
          <reporter-output>
          </reporter-output>
        </test-method> <!-- checkResposeBody -->
        <test-method status="PASS" signature="checkstatusLine()[pri:0, instance:com.api.testCases.TC003_getAllAnime@b684286]" name="checkstatusLine" duration-ms="1" started-at="2021-06-23T18:01:03Z" finished-at="2021-06-23T18:01:03Z">
          <reporter-output>
          </reporter-output>
        </test-method> <!-- checkstatusLine -->
        <test-method status="PASS" signature="checkStatusCode()[pri:0, instance:com.api.testCases.TC003_getAllAnime@b684286]" name="checkStatusCode" duration-ms="0" started-at="2021-06-23T18:01:03Z" finished-at="2021-06-23T18:01:03Z">
          <reporter-output>
          </reporter-output>
        </test-method> <!-- checkStatusCode -->
        <test-method status="PASS" signature="tearDown()[pri:0, instance:com.api.testCases.TC003_getAllAnime@b684286]" name="tearDown" is-config="true" duration-ms="0" started-at="2021-06-23T18:01:03Z" finished-at="2021-06-23T18:01:03Z">
          <reporter-output>
          </reporter-output>
        </test-method> <!-- tearDown -->
      </class> <!-- com.api.testCases.TC003_getAllAnime -->
      <class name="com.api.testCases.TC002_randomQuotes">
        <test-method status="PASS" signature="setup()[pri:0, instance:com.api.testCases.TC002_randomQuotes@34ce8af7]" name="setup" is-config="true" duration-ms="1" started-at="2021-06-23T18:00:58Z" finished-at="2021-06-23T18:00:58Z">
          <reporter-output>
          </reporter-output>
        </test-method> <!-- setup -->
        <test-method status="PASS" signature="randomQuotesSetup()[pri:0, instance:com.api.testCases.TC002_randomQuotes@34ce8af7]" name="randomQuotesSetup" is-config="true" duration-ms="1" started-at="2021-06-23T18:00:58Z" finished-at="2021-06-23T18:00:58Z">
          <reporter-output>
          </reporter-output>
        </test-method> <!-- randomQuotesSetup -->
        <test-method status="PASS" signature="checkResponseforQuotesbyCharacter()[pri:0, instance:com.api.testCases.TC002_randomQuotes@34ce8af7]" name="checkResponseforQuotesbyCharacter" duration-ms="1255" started-at="2021-06-23T18:00:58Z" finished-at="2021-06-23T18:00:59Z">
          <reporter-output>
          </reporter-output>
        </test-method> <!-- checkResponseforQuotesbyCharacter -->
        <test-method status="PASS" signature="checkResponseforQuotesbyTitle()[pri:0, instance:com.api.testCases.TC002_randomQuotes@34ce8af7]" name="checkResponseforQuotesbyTitle" duration-ms="1217" started-at="2021-06-23T18:00:59Z" finished-at="2021-06-23T18:01:00Z">
          <reporter-output>
          </reporter-output>
        </test-method> <!-- checkResponseforQuotesbyTitle -->
        <test-method status="PASS" signature="checkResposeBodyForRandomQuotesE2E()[pri:0, instance:com.api.testCases.TC002_randomQuotes@34ce8af7]" name="checkResposeBodyForRandomQuotesE2E" duration-ms="1177" started-at="2021-06-23T18:01:00Z" finished-at="2021-06-23T18:01:01Z">
          <reporter-output>
          </reporter-output>
        </test-method> <!-- checkResposeBodyForRandomQuotesE2E -->
        <test-method status="PASS" signature="tearDown()[pri:0, instance:com.api.testCases.TC002_randomQuotes@34ce8af7]" name="tearDown" is-config="true" duration-ms="0" started-at="2021-06-23T18:01:01Z" finished-at="2021-06-23T18:01:01Z">
          <reporter-output>
          </reporter-output>
        </test-method> <!-- tearDown -->
      </class> <!-- com.api.testCases.TC002_randomQuotes -->
    </test> <!-- APITest -->
  </suite> <!-- RestAPISuite -->
</testng-results>
